#
# There is insufficient memory for the Java Runtime Environment to continue.
# Native memory allocation (mmap) failed to map 132120576 bytes. Error detail: G1 virtual space
# Possible reasons:
#   The system is out of physical RAM or swap space
#   This process is running with CompressedOops enabled, and the Java Heap may be blocking the growth of the native heap
# Possible solutions:
#   Reduce memory load on the system
#   Increase physical memory or swap space
#   Check if swap backing store is full
#   Decrease Java heap size (-Xmx/-Xms)
#   Decrease number of Java threads
#   Decrease Java thread stack sizes (-Xss)
#   Set larger code cache with -XX:ReservedCodeCacheSize=
#   JVM is running with Unscaled Compressed Oops mode in which the Java heap is
#     placed in the first 4GB address space. The Java Heap base address is the
#     maximum limit for the native heap growth. Please use -XX:HeapBaseMinAddress
#     to set the Java Heap base and to place the Java Heap above 4GB virtual address.
# This output file may be truncated or incomplete.
#
#  Out of Memory Error (os_windows.cpp:3766), pid=12272, tid=36272
#
# JRE version:  (25.0.2+1) (build )
# Java VM: OpenJDK 64-Bit Server VM (25.0.2+1-b329.117, mixed mode, sharing, tiered, compressed oops, compressed class ptrs, g1 gc, windows-amd64)
# No core dump will be written. Minidumps are not enabled by default on client versions of Windows
#

---------------  S U M M A R Y ------------

Command Line: git4idea.http.GitAskPassApp Username for 'https://github.com': 

Host: AMD Ryzen 5 5600H with Radeon Graphics         , 12 cores, 7G,  Windows 11 , 64 bit Build 26100 (10.0.26100.8328)
Time: Sun May 24 23:23:24 2026 Hora est. Pac璗ico, Sudam廨ica elapsed time: 1.118855 seconds (0d 0h 0m 1s)

---------------  T H R E A D  ---------------

Current thread (0x00000221eda7bc00):  JavaThread "Unknown thread" [_thread_in_vm, id=36272, stack(0x000000ff9c700000,0x000000ff9c800000) (1024K)]

Stack: [0x000000ff9c700000,0x000000ff9c800000]
Native frames: (J=compiled Java code, j=interpreted, Vv=VM code, C=native code)
V  [jvm.dll+0x7c0cc9]  (no source info available)
V  [jvm.dll+0x78a49d]  (no source info available)
V  [jvm.dll+0xa0e693]  (no source info available)
V  [jvm.dll+0xa10e8c]  (no source info available)
V  [jvm.dll+0xa11583]  (no source info available)
V  [jvm.dll+0x307b46]  (no source info available)
V  [jvm.dll+0x7bced5]  (no source info available)
V  [jvm.dll+0x7afe97]  (no source info available)
V  [jvm.dll+0x40159e]  (no source info available)
V  [jvm.dll+0x4093bb]  (no source info available)
V  [jvm.dll+0x3f5bf9]  (no source info available)
V  [jvm.dll+0x3f5eab]  (no source info available)
V  [jvm.dll+0x3cc053]  (no source info available)
V  [jvm.dll+0x3cccbe]  (no source info available)
V  [jvm.dll+0x9d4a07]  (no source info available)
V  [jvm.dll+0x466ce2]  (no source info available)
V  [jvm.dll+0x9b8139]  (no source info available)
V  [jvm.dll+0x508a01]  (no source info available)
V  [jvm.dll+0x50a371]  (no source info available)
C  [jli.dll+0x541a]  (no source info available)
C  [ucrtbase.dll+0x37b0]  (no source info available)
C  [KERNEL32.DLL+0x2e957]  (no source info available)
C  [ntdll.dll+0x427c]  (no source info available)

Lock stack of current Java thread (top to bottom):


---------------  P R O C E S S  ---------------

Threads class SMR info:
_java_thread_list=0x00007fff3c1b9108, length=0, elements={
}

Java Threads: ( => current thread )
Total: 0

Other Threads:
  0x00000221f0039080 WorkerThread "GC Thread#0"                     [id=1740, stack(0x000000ff9c800000,0x000000ff9c900000) (1024K)]
  0x00000221f0051a90 ConcurrentGCThread "G1 Main Marker"            [id=33316, stack(0x000000ff9c900000,0x000000ff9ca00000) (1024K)]
  0x00000221f0053ff0 WorkerThread "G1 Conc#0"                       [id=28812, stack(0x000000ff9ca00000,0x000000ff9cb00000) (1024K)]

[error occurred during error reporting (printing all threads), id 0xc0000005, EXCEPTION_ACCESS_VIOLATION (0xc0000005) at pc=0x00007fff3b7d0caa]
VM state: not at safepoint (not fully initialized)

VM Mutex/Monitor currently owned by a thread:  ([mutex/lock_event])
[0x00007fff3c241d10] Heap_lock - owner thread: 0x00000221eda7bc00

Heap address: 0x0000000082400000, size: 2012 MB, Compressed Oops mode: 32-bit

CDS archive(s) mapped at: [0x0000000000000000-0x0000000000000000-0x0000000000000000), size 0, SharedBaseAddress: 0x0000000800000000, ArchiveRelocationMode: 1.
UseCompressedClassPointers 1, UseCompactObjectHeaders 0
Narrow klass pointer bits 32, Max shift 3
Narrow klass base: 0xffffffffffffffff, Narrow klass shift: -1
Encoding Range: [0xffffffffffffffff - 0x000000007fffffff), (2147483648 bytes)
Klass Range:    [0x0000000000000000 - 0x0000000000000000), (0 bytes)
Klass ID Range:  [4294967295 - 0) (1)
No protection zone.

GC Precious Log:
 CardTable entry size: 512
 Card Set container configuration: InlinePtr #cards 5 size 8 Array Of Cards #cards 10 size 36 Howl #buckets 4 coarsen threshold 1843 Howl Bitmap #cards 512 size 80 coarsen threshold 460 Card regions per heap region 1 cards per card region 2048

Heap:
 garbage-first heap   total reserved 2060288K, committed 0K, used 0K [0x0000000082400000, 0x0000000100000000)
  region size 1024K, 0 young (0K), 0 survivors (0K)

Heap Regions: E=young(eden), S=young(survivor), O=old, HS=humongous(starts), HC=humongous(continues), CS=collection set, F=free, TAMS=top-at-mark-start, PB=parsable bottom

Card table byte_map: [0x00000221f4d20000,0x00000221f5110000] _byte_map_base: 0x00000221f490e000

Marking Bits: (CMBitMap*) 0x00000221f0039810
 Bits: [0x00000221f5110000, 0x00000221f7080000)

GC Heap Usage History (0 events):
No events

Metaspace Usage History (0 events):
No events

Dll operation events (1 events):
Event: 0.021 Loaded shared library C:\Program Files\JetBrains\IntelliJ IDEA 2026.1\jbr\bin\java.dll

Deoptimization events (0 events):
No events

Classes loaded (0 events):
No events

Classes unloaded (0 events):
No events

Classes redefined (0 events):
No events

Internal exceptions (0 events):
No events

VM Operations (0 events):
No events

Memory protections (0 events):
No events

Nmethod flushes (0 events):
No events

Events (0 events):
No events


Dynamic libraries:
0x00007ff6f65c0000 - 0x00007ff6f65ca000 	C:\Program Files\JetBrains\IntelliJ IDEA 2026.1\jbr\bin\java.exe
0x00007fffd0620000 - 0x00007fffd0887000 	C:\WINDOWS\SYSTEM32\ntdll.dll
0x00007fffd0300000 - 0x00007fffd03c9000 	C:\WINDOWS\System32\KERNEL32.DLL
0x00007fffcdc80000 - 0x00007fffce077000 	C:\WINDOWS\System32\KERNELBASE.dll
0x00007fffcd050000 - 0x00007fffcd19b000 	C:\WINDOWS\System32\ucrtbase.dll
0x00007fffb3480000 - 0x00007fffb3497000 	C:\Program Files\JetBrains\IntelliJ IDEA 2026.1\jbr\bin\jli.dll
0x00007fffce7c0000 - 0x00007fffce986000 	C:\WINDOWS\System32\USER32.dll
0x00007fffcd1a0000 - 0x00007fffcd1c7000 	C:\WINDOWS\System32\win32u.dll
0x00007fffcc250000 - 0x00007fffcc4e2000 	C:\WINDOWS\WinSxS\amd64_microsoft.windows.common-controls_6595b64144ccf1df_6.0.26100.8457_none_3e0b2faee331e92d\COMCTL32.dll
0x00007fffd0110000 - 0x00007fffd013b000 	C:\WINDOWS\System32\GDI32.dll
0x00007fffcea00000 - 0x00007fffceaa9000 	C:\WINDOWS\System32\msvcrt.dll
0x00007fffce110000 - 0x00007fffce23c000 	C:\WINDOWS\System32\gdi32full.dll
0x00007fffce2f0000 - 0x00007fffce393000 	C:\WINDOWS\System32\msvcp_win.dll
0x00007fffb37a0000 - 0x00007fffb37be000 	C:\Program Files\JetBrains\IntelliJ IDEA 2026.1\jbr\bin\VCRUNTIME140.dll
0x00007fffcfc70000 - 0x00007fffcfca2000 	C:\WINDOWS\System32\IMM32.DLL
0x00007fff90150000 - 0x00007fff90242000 	C:\Program Files\Windhawk\Engine\1.6.1\64\windhawk.dll
0x00007fffd0240000 - 0x00007fffd02f6000 	C:\WINDOWS\System32\ADVAPI32.dll
0x00007fffd0060000 - 0x00007fffd0107000 	C:\WINDOWS\System32\sechost.dll
0x00007fffcfcc0000 - 0x00007fffcfdd8000 	C:\WINDOWS\System32\RPCRT4.dll
0x00007fffcc730000 - 0x00007fffcc73c000 	C:\Program Files\JetBrains\IntelliJ IDEA 2026.1\jbr\bin\vcruntime140_1.dll
0x00007fffb2c40000 - 0x00007fffb2cc9000 	C:\Program Files\JetBrains\IntelliJ IDEA 2026.1\jbr\bin\msvcp140.dll
0x00007fff3b3f0000 - 0x00007fff3c342000 	C:\Program Files\JetBrains\IntelliJ IDEA 2026.1\jbr\bin\server\jvm.dll
0x00007fffce730000 - 0x00007fffce7b0000 	C:\WINDOWS\System32\WS2_32.dll
0x00007fffcceb0000 - 0x00007fffccf0e000 	C:\WINDOWS\SYSTEM32\POWRPROF.dll
0x00007fffc44d0000 - 0x00007fffc44db000 	C:\WINDOWS\SYSTEM32\VERSION.dll
0x00007fffbbac0000 - 0x00007fffbbaf6000 	C:\WINDOWS\SYSTEM32\WINMM.dll
0x00007fffcce90000 - 0x00007fffccea4000 	C:\WINDOWS\SYSTEM32\UMPDC.dll
0x00007fffcb480000 - 0x00007fffcb49b000 	C:\WINDOWS\SYSTEM32\kernel.appcore.dll
0x00007fffb3750000 - 0x00007fffb375a000 	C:\Program Files\JetBrains\IntelliJ IDEA 2026.1\jbr\bin\jimage.dll
0x00007fffcc820000 - 0x00007fffcca62000 	C:\WINDOWS\SYSTEM32\DBGHELP.DLL
0x00007fffce3a0000 - 0x00007fffce723000 	C:\WINDOWS\System32\combase.dll
0x00007fffcf8d0000 - 0x00007fffcf9a9000 	C:\WINDOWS\System32\OLEAUT32.dll
0x00007fffcc6f0000 - 0x00007fffcc72b000 	C:\WINDOWS\SYSTEM32\dbgcore.DLL
0x00007fffce240000 - 0x00007fffce2e8000 	C:\WINDOWS\System32\bcryptPrimitives.dll
0x00007fffb35e0000 - 0x00007fffb35ff000 	C:\Program Files\JetBrains\IntelliJ IDEA 2026.1\jbr\bin\java.dll
0x00007fffcf250000 - 0x00007fffcf3e7000 	C:\WINDOWS\System32\ole32.dll
0x00007fffcead0000 - 0x00007fffcf23e000 	C:\WINDOWS\System32\SHELL32.dll

JVMTI agents: none

dbghelp: loaded successfully - version: 4.0.5 - missing functions: none
symbol engine: initialized successfully - sym options: 0x614 - pdb path: .;C:\Program Files\JetBrains\IntelliJ IDEA 2026.1\jbr\bin;C:\WINDOWS\SYSTEM32;C:\WINDOWS\WinSxS\amd64_microsoft.windows.common-controls_6595b64144ccf1df_6.0.26100.8457_none_3e0b2faee331e92d;C:\Program Files\Windhawk\Engine\1.6.1\64;C:\Program Files\JetBrains\IntelliJ IDEA 2026.1\jbr\bin\server

VM Arguments:
java_command: git4idea.http.GitAskPassApp Username for 'https://github.com': 
java_class_path (initial): C:/Program Files/JetBrains/IntelliJ IDEA 2026.1/plugins/vcs-git/lib/git4idea-rt.jar;C:/Program Files/JetBrains/IntelliJ IDEA 2026.1/lib/externalProcess-rt.jar
Launcher Type: SUN_STANDARD

[Global flags]
     intx CICompilerCount                          = 4                                         {product} {ergonomic}
     uint ConcGCThreads                            = 3                                         {product} {ergonomic}
     uint G1ConcRefinementThreads                  = 10                                        {product} {ergonomic}
   size_t G1HeapRegionSize                         = 1048576                                   {product} {ergonomic}
   size_t InitialHeapSize                          = 132120576                                 {product} {ergonomic}
   size_t MarkStackSize                            = 4194304                                   {product} {ergonomic}
   size_t MarkStackSizeMax                         = 536870912                                 {product} {ergonomic}
   size_t MaxHeapSize                              = 2109734912                                {product} {ergonomic}
   size_t MinHeapDeltaBytes                        = 1048576                                   {product} {ergonomic}
   size_t MinHeapSize                              = 8388608                                   {product} {ergonomic}
    uintx NonNMethodCodeHeapSize                   = 5832704                                {pd product} {ergonomic}
    uintx NonProfiledCodeHeapSize                  = 122945536                              {pd product} {ergonomic}
    uintx ProfiledCodeHeapSize                     = 122880000                              {pd product} {ergonomic}
    uintx ReservedCodeCacheSize                    = 251658240                              {pd product} {ergonomic}
     bool SegmentedCodeCache                       = true                                      {product} {ergonomic}
   size_t SoftMaxHeapSize                          = 2109734912                             {manageable} {ergonomic}
     bool UseCompressedOops                        = true                           {product lp64_product} {ergonomic}
     bool UseG1GC                                  = true                                      {product} {ergonomic}
     bool UseLargePagesIndividualAllocation        = false                                  {pd product} {ergonomic}

Logging:
Log output configuration:
 #0: stdout all=warning uptime,level,tags foldmultilines=false
 #1: stderr all=off uptime,level,tags foldmultilines=false

Release file:
<release file has not been read>
Environment Variables:
PATH=C:\Program Files\Git\mingw64\libexec\git-core;C:\Program Files\Git\mingw64\libexec\git-core;C:\Program Files\Git\mingw64\bin;C:\Program Files\Git\usr\bin;C:\Users\Benjamin\bin;C:\Program Files\Common Files\Oracle\Java\javapath;C:\Program Files (x86)\Common Files\Oracle\Java\java8path;C:\Program Files (x86)\Common Files\Oracle\Java\javapath;C:\Windows\system32;C:\Windows;C:\Windows\System32\Wbem;C:\Windows\System32\WindowsPowerShell\v1.0;C:\Windows\System32\OpenSSH;C:\Program Files (x86)\NVIDIA Corporation\PhysX\Common;C:\WINDOWS\system32;C:\WINDOWS;C:\WINDOWS\System32\Wbem;C:\WINDOWS\System32\WindowsPowerShell\v1.0;C:\WINDOWS\System32\OpenSSH;C:\Users\Benjamin\.console-ninja\.bin;C:\Users\Benjamin\AppData\Local\Microsoft\WindowsApps;C:\Users\Benjamin\AppData\Local\Programs\Microsoft VS Code\bin;C:\adb;C:\Program Files\Git\cmd;C:\Program Files (x86)\Microsoft SQL Server\160\DTS\Binn;C:\WINDOWS\system32;C:\WINDOWS;C:\WINDOWS\System32\Wbem;C:\WINDOWS\System32\WindowsPowerShell\v1.0;C:\WINDOWS\System32\OpenSSH;C:\Users\Benjamin\AppData\Roaming\nvm;C:\Program Files\nodejs;C:\Symfony;C:\ProgramData\ComposerSetup\bin;C:\wamp64\bin\php\php8.3.14;C:\Program Files\NVIDIA Corporation\NVIDIA NvDLISR;C:\Program Files\Docker\Docker\resources\bin;C:\Users\Benjamin\AppData\Local\Programs\Python\Python313\Scripts;C:\Users\Benjamin\AppData\Local\Programs\Python\Python313;C:\Users\Benjamin\AppData\Local\Programs\Python\Launcher;C:\Users\Benjamin\.console-ninja\.bin;C:\Users\Benjamin\AppData\Local\Microsoft\WindowsApps;C:\Users\Benjamin\AppData\Local\Programs\Microsoft VS Code\bin;C:\Program Files\JetBrains\IntelliJ IDEA 2026.1\bin;C:\Users\Benjamin\AppData\Local\Microsoft\WindowsApps;C:\Program Files\JetBrains\PhpStorm 2024.3.2.1\bin;C:\Users\Benjamin\AppData\Roaming\Composer\vendor\bin;C:\Users\Benjamin\AppData\Roaming\npm;C:\Users\Benjamin\AppData\Roaming\nvm;C:\Program Files\nodejs;C:\Users\Benjamin\AppData\Local\GitHubDesktop\bin
USERNAME=Benjamin
DISPLAY=:0.0
LC_ALL=en_US.UTF-8
TERM=xterm-256color
TMPDIR=C:\Users\Benjamin\AppData\Local\Temp
OS=Windows_NT
PROCESSOR_IDENTIFIER=AMD64 Family 25 Model 80 Stepping 0, AuthenticAMD
TMP=C:\Users\Benjamin\AppData\Local\Temp
TEMP=C:\Users\Benjamin\AppData\Local\Temp




Compilation memory statistics disabled.

Periodic native trim disabled

JNI global refs:
JNI global refs: 0, weak refs: 0

JNI global refs memory usage: 0, weak refs: 0

Process memory usage:
Resident Set Size: 14372K (0% of 8237124K total physical memory with 296100K free physical memory)

OOME stack traces (most recent first):
Classloader memory used:

---------------  S Y S T E M  ---------------

OS:
 Windows 11 , 64 bit Build 26100 (10.0.26100.8328)
OS uptime: 4 days 22:50 hours
Hyper-V role detected

CPU: total 12 (initial active 12) (12 cores per cpu, 2 threads per core) family 25 model 80 stepping 0 microcode 0xa50000f, cx8, cmov, fxsr, ht, mmx, 3dnowpref, sse, sse2, sse3, ssse3, sse4a, sse4.1, sse4.2, popcnt, lzcnt, tsc, tscinvbit, avx, avx2, aes, erms, clmul, bmi1, bmi2, adx, sha, fma, vzeroupper, clflush, clflushopt, clwb, hv, rdtscp, rdpid, fsrm, f16c, cet_ss
Processor Information for processor 0
  Max Mhz: 3301, Current Mhz: 3301, Mhz Limit: 3301
Processor Information for processor 1
  Max Mhz: 3301, Current Mhz: 2630, Mhz Limit: 3301
Processor Information for processor 2
  Max Mhz: 3301, Current Mhz: 2630, Mhz Limit: 3301
Processor Information for processor 3
  Max Mhz: 3301, Current Mhz: 2630, Mhz Limit: 3301
Processor Information for processor 4
  Max Mhz: 3301, Current Mhz: 3301, Mhz Limit: 3301
Processor Information for processor 5
  Max Mhz: 3301, Current Mhz: 3301, Mhz Limit: 3301
Processor Information for processor 6
  Max Mhz: 3301, Current Mhz: 3301, Mhz Limit: 3301
Processor Information for processor 7
  Max Mhz: 3301, Current Mhz: 2630, Mhz Limit: 3301
Processor Information for processor 8
  Max Mhz: 3301, Current Mhz: 2630, Mhz Limit: 3301
Processor Information for processor 9
  Max Mhz: 3301, Current Mhz: 2630, Mhz Limit: 3301
Processor Information for processor 10
  Max Mhz: 3301, Current Mhz: 2630, Mhz Limit: 3301
Processor Information for processor 11
  Max Mhz: 3301, Current Mhz: 3301, Mhz Limit: 3301

Memory: 4k page, system-wide physical 8044M (289M free)
TotalPageFile size 32620M (AvailPageFile size 27M)
current process WorkingSet (physical memory assigned to process): 14M, peak: 14M
current process commit charge ("private bytes"): 65M, peak: 191M

vm_info: OpenJDK 64-Bit Server VM (25.0.2+1-b329.117) for windows-amd64 JRE (25.0.2+1-b329.117), built on 2026-04-20 with MS VC++ 17.14 (VS2022)

END.
